<?xml version="1.0" encoding="UTF-8"?>
<testsuites>
  <testsuite name="/Users/jonatanreginato/Sourcecodes/php-restful-api-template/phpunit.xml" tests="16" assertions="24" errors="0" failures="0" skipped="0" time="0.564773">
    <testsuite name="unit-tests" tests="16" assertions="24" errors="0" failures="0" skipped="0" time="0.564773">
      <testsuite name="Nuvemshop\ApiTemplate\Infrastructure\Cors\CorsMiddlewareExceptionTest" file="/Users/jonatanreginato/Sourcecodes/php-restful-api-template/tests/unit/Infrastructure/Cors/CorsMiddlewareExceptionTest.php" tests="1" assertions="3" errors="0" failures="0" skipped="0" time="0.297292">
        <testcase name="testCanThrowCorsMiddlewareException" file="/Users/jonatanreginato/Sourcecodes/php-restful-api-template/tests/unit/Infrastructure/Cors/CorsMiddlewareExceptionTest.php" line="11" class="Nuvemshop\ApiTemplate\Infrastructure\Cors\CorsMiddlewareExceptionTest" classname="Nuvemshop.ApiTemplate.Infrastructure.Cors.CorsMiddlewareExceptionTest" assertions="3" time="0.297292"/>
      </testsuite>
      <testsuite name="Nuvemshop\ApiTemplate\Infrastructure\DataStore\Doctrine\ConnectionFacadeFactoryTest" file="/Users/jonatanreginato/Sourcecodes/php-restful-api-template/tests/unit/Infrastructure/DataStore/Doctrine/ConnectionFacadeFactoryTest.php" tests="1" assertions="1" errors="0" failures="0" skipped="0" time="0.125987">
        <testcase name="testCanInvoke" file="/Users/jonatanreginato/Sourcecodes/php-restful-api-template/tests/unit/Infrastructure/DataStore/Doctrine/ConnectionFacadeFactoryTest.php" line="14" class="Nuvemshop\ApiTemplate\Infrastructure\DataStore\Doctrine\ConnectionFacadeFactoryTest" classname="Nuvemshop.ApiTemplate.Infrastructure.DataStore.Doctrine.ConnectionFacadeFactoryTest" assertions="1" time="0.125987"/>
      </testsuite>
      <testsuite name="Nuvemshop\ApiTemplate\Infrastructure\Cors\CorsMiddlewareFacadeFactoryTest" file="/Users/jonatanreginato/Sourcecodes/php-restful-api-template/tests/unit/Infrastructure/Cors/CorsMiddlewareFacadeFactoryTest.php" tests="1" assertions="1" errors="0" failures="0" skipped="0" time="0.018380">
        <testcase name="testCanInvoke" file="/Users/jonatanreginato/Sourcecodes/php-restful-api-template/tests/unit/Infrastructure/Cors/CorsMiddlewareFacadeFactoryTest.php" line="14" class="Nuvemshop\ApiTemplate\Infrastructure\Cors\CorsMiddlewareFacadeFactoryTest" classname="Nuvemshop.ApiTemplate.Infrastructure.Cors.CorsMiddlewareFacadeFactoryTest" assertions="1" time="0.018380"/>
      </testsuite>
      <testsuite name="Nuvemshop\ApiTemplate\Infrastructure\DataStore\Doctrine\ConnectionFacadeTest" file="/Users/jonatanreginato/Sourcecodes/php-restful-api-template/tests/unit/Infrastructure/DataStore/Doctrine/ConnectionFacadeTest.php" tests="2" assertions="2" errors="0" failures="0" skipped="0" time="0.016742">
        <testsuite name="Nuvemshop\ApiTemplate\Infrastructure\DataStore\Doctrine\ConnectionFacadeTest::testCanReturnTheConnection" tests="1" assertions="1" errors="0" failures="0" skipped="0" time="0.004024">
          <testcase name="testCanReturnTheConnection with data set #0" file="/Users/jonatanreginato/Sourcecodes/php-restful-api-template/tests/unit/Infrastructure/DataStore/Doctrine/ConnectionFacadeTest.php" line="16" class="Nuvemshop\ApiTemplate\Infrastructure\DataStore\Doctrine\ConnectionFacadeTest" classname="Nuvemshop.ApiTemplate.Infrastructure.DataStore.Doctrine.ConnectionFacadeTest" assertions="1" time="0.004024"/>
        </testsuite>
        <testsuite name="Nuvemshop\ApiTemplate\Infrastructure\DataStore\Doctrine\ConnectionFacadeTest::testCanThrownDoctrineException" tests="1" assertions="1" errors="0" failures="0" skipped="0" time="0.012719">
          <testcase name="testCanThrownDoctrineException with data set #0" file="/Users/jonatanreginato/Sourcecodes/php-restful-api-template/tests/unit/Infrastructure/DataStore/Doctrine/ConnectionFacadeTest.php" line="28" class="Nuvemshop\ApiTemplate\Infrastructure\DataStore\Doctrine\ConnectionFacadeTest" classname="Nuvemshop.ApiTemplate.Infrastructure.DataStore.Doctrine.ConnectionFacadeTest" assertions="1" time="0.012719"/>
        </testsuite>
      </testsuite>
      <testsuite name="Nuvemshop\ApiTemplate\Infrastructure\DataStore\Doctrine\QueryParams\FilterTest" file="/Users/jonatanreginato/Sourcecodes/php-restful-api-template/tests/unit/Infrastructure/DataStore/Doctrine/QueryParams/FilterTest.php" tests="3" assertions="4" errors="0" failures="0" skipped="0" time="0.053448">
        <testcase name="testCanReturnOneData" file="/Users/jonatanreginato/Sourcecodes/php-restful-api-template/tests/unit/Infrastructure/DataStore/Doctrine/QueryParams/FilterTest.php" line="40" class="Nuvemshop\ApiTemplate\Infrastructure\DataStore\Doctrine\QueryParams\FilterTest" classname="Nuvemshop.ApiTemplate.Infrastructure.DataStore.Doctrine.QueryParams.FilterTest" assertions="1" time="0.048262"/>
        <testcase name="testCanUnsetData" file="/Users/jonatanreginato/Sourcecodes/php-restful-api-template/tests/unit/Infrastructure/DataStore/Doctrine/QueryParams/FilterTest.php" line="55" class="Nuvemshop\ApiTemplate\Infrastructure\DataStore\Doctrine\QueryParams\FilterTest" classname="Nuvemshop.ApiTemplate.Infrastructure.DataStore.Doctrine.QueryParams.FilterTest" assertions="1" time="0.002599"/>
        <testcase name="testCanReturnAllData" file="/Users/jonatanreginato/Sourcecodes/php-restful-api-template/tests/unit/Infrastructure/DataStore/Doctrine/QueryParams/FilterTest.php" line="47" class="Nuvemshop\ApiTemplate\Infrastructure\DataStore\Doctrine\QueryParams\FilterTest" classname="Nuvemshop.ApiTemplate.Infrastructure.DataStore.Doctrine.QueryParams.FilterTest" assertions="2" time="0.002586"/>
      </testsuite>
      <testsuite name="Nuvemshop\ApiTemplate\Infrastructure\DataStore\Doctrine\QueryParams\LimitTest" file="/Users/jonatanreginato/Sourcecodes/php-restful-api-template/tests/unit/Infrastructure/DataStore/Doctrine/QueryParams/LimitTest.php" tests="3" assertions="3" errors="0" failures="0" skipped="0" time="0.024217">
        <testcase name="testCanReturnValue" file="/Users/jonatanreginato/Sourcecodes/php-restful-api-template/tests/unit/Infrastructure/DataStore/Doctrine/QueryParams/LimitTest.php" line="11" class="Nuvemshop\ApiTemplate\Infrastructure\DataStore\Doctrine\QueryParams\LimitTest" classname="Nuvemshop.ApiTemplate.Infrastructure.DataStore.Doctrine.QueryParams.LimitTest" assertions="1" time="0.013709"/>
        <testcase name="testCanThrownErrorIfValueIsZero" file="/Users/jonatanreginato/Sourcecodes/php-restful-api-template/tests/unit/Infrastructure/DataStore/Doctrine/QueryParams/LimitTest.php" line="19" class="Nuvemshop\ApiTemplate\Infrastructure\DataStore\Doctrine\QueryParams\LimitTest" classname="Nuvemshop.ApiTemplate.Infrastructure.DataStore.Doctrine.QueryParams.LimitTest" assertions="1" time="0.007122"/>
        <testcase name="testCanThrownErrorOnNegativeValue" file="/Users/jonatanreginato/Sourcecodes/php-restful-api-template/tests/unit/Infrastructure/DataStore/Doctrine/QueryParams/LimitTest.php" line="27" class="Nuvemshop\ApiTemplate\Infrastructure\DataStore\Doctrine\QueryParams\LimitTest" classname="Nuvemshop.ApiTemplate.Infrastructure.DataStore.Doctrine.QueryParams.LimitTest" assertions="1" time="0.003386"/>
      </testsuite>
      <testsuite name="Nuvemshop\ApiTemplate\Infrastructure\DataStore\Doctrine\QueryParams\OffsetTest" file="/Users/jonatanreginato/Sourcecodes/php-restful-api-template/tests/unit/Infrastructure/DataStore/Doctrine/QueryParams/OffsetTest.php" tests="2" assertions="4" errors="0" failures="0" skipped="0" time="0.014552">
        <testcase name="testCanReturnValue" file="/Users/jonatanreginato/Sourcecodes/php-restful-api-template/tests/unit/Infrastructure/DataStore/Doctrine/QueryParams/OffsetTest.php" line="11" class="Nuvemshop\ApiTemplate\Infrastructure\DataStore\Doctrine\QueryParams\OffsetTest" classname="Nuvemshop.ApiTemplate.Infrastructure.DataStore.Doctrine.QueryParams.OffsetTest" assertions="3" time="0.011203"/>
        <testcase name="testCanThrownErrorOnNegativeValue" file="/Users/jonatanreginato/Sourcecodes/php-restful-api-template/tests/unit/Infrastructure/DataStore/Doctrine/QueryParams/OffsetTest.php" line="25" class="Nuvemshop\ApiTemplate\Infrastructure\DataStore\Doctrine\QueryParams\OffsetTest" classname="Nuvemshop.ApiTemplate.Infrastructure.DataStore.Doctrine.QueryParams.OffsetTest" assertions="1" time="0.003349"/>
      </testsuite>
      <testsuite name="Nuvemshop\ApiTemplate\Infrastructure\DataStore\Doctrine\QueryParams\QueryParamsExceptionTest" file="/Users/jonatanreginato/Sourcecodes/php-restful-api-template/tests/unit/Infrastructure/DataStore/Doctrine/QueryParams/QueryParamsExceptionTest.php" tests="1" assertions="3" errors="0" failures="0" skipped="0" time="0.003430">
        <testcase name="testCanThrowCorsMiddlewareException" file="/Users/jonatanreginato/Sourcecodes/php-restful-api-template/tests/unit/Infrastructure/DataStore/Doctrine/QueryParams/QueryParamsExceptionTest.php" line="11" class="Nuvemshop\ApiTemplate\Infrastructure\DataStore\Doctrine\QueryParams\QueryParamsExceptionTest" classname="Nuvemshop.ApiTemplate.Infrastructure.DataStore.Doctrine.QueryParams.QueryParamsExceptionTest" assertions="3" time="0.003430"/>
      </testsuite>
      <testsuite name="Nuvemshop\ApiTemplate\Infrastructure\DataStore\Doctrine\QueryParams\SortTest" file="/Users/jonatanreginato/Sourcecodes/php-restful-api-template/tests/unit/Infrastructure/DataStore/Doctrine/QueryParams/SortTest.php" tests="2" assertions="3" errors="0" failures="0" skipped="0" time="0.010726">
        <testcase name="testCanReturnAllOrderData" file="/Users/jonatanreginato/Sourcecodes/php-restful-api-template/tests/unit/Infrastructure/DataStore/Doctrine/QueryParams/SortTest.php" line="37" class="Nuvemshop\ApiTemplate\Infrastructure\DataStore\Doctrine\QueryParams\SortTest" classname="Nuvemshop.ApiTemplate.Infrastructure.DataStore.Doctrine.QueryParams.SortTest" assertions="2" time="0.008624"/>
        <testcase name="testCanThrownErrorOnWrongValue" file="/Users/jonatanreginato/Sourcecodes/php-restful-api-template/tests/unit/Infrastructure/DataStore/Doctrine/QueryParams/SortTest.php" line="45" class="Nuvemshop\ApiTemplate\Infrastructure\DataStore\Doctrine\QueryParams\SortTest" classname="Nuvemshop.ApiTemplate.Infrastructure.DataStore.Doctrine.QueryParams.SortTest" assertions="1" time="0.002101"/>
      </testsuite>
    </testsuite>
  </testsuite>
</testsuites>
